<?xml version="1.0" encoding="UTF-8"?>
<!-- Generated by org.testng.reporters.JUnitReportReporter -->
<testsuite skipped="0" hostname="Ujwal" name="String.a6" tests="3" failures="0" timestamp="2022-11-01T12:51:37 IST" time="0.016" errors="0">
  <testcase name="tc04" time="0.000" classname="String.a6"/>
  <system-out/>
  <testcase name="tc02" time="0.016" classname="String.a6"/>
  <system-out/>
  <testcase name="tc01" time="0.000" classname="String.a6"/>
  <system-out/>
</testsuite> <!-- String.a6 -->
