<?xml version="1.0" encoding="UTF-8"?>
<!-- Generated by org.testng.reporters.JUnitReportReporter -->
<testsuite skipped="0" hostname="Ujwal" name="String.a8" tests="1" failures="0" timestamp="2022-11-01T13:02:52 IST" time="0.000" errors="0">
  <testcase name="practice" time="0.000" classname="String.a8"/>
  <system-out/>
</testsuite> <!-- String.a8 -->
